<?xml version="1.0" encoding="UTF-8"?>
<!-- Generated by org.testng.reporters.JUnitXMLReporter -->
<testsuite ignored="0" hostname="LAPTOP-304U7A4J" failures="0" tests="3" name="Homepage" time="6.832" errors="0" timestamp="2026-05-09T22:39:05 IST">
  <testcase classname="Com.CRM.TestCases.HomepageTestCase" name="verifyURL" time="0.04"/>
  <testcase classname="Com.CRM.TestCases.HomepageTestCase" name="verifyTitle" time="0.017"/>
  <testcase classname="Com.CRM.TestCases.HomepageTestCase" name="verifySiginin" time="0.913"/>
</testsuite> <!-- Homepage -->
