<?xml version="1.0" encoding="UTF-8"?>
<!-- Generated by org.testng.reporters.JUnitXMLReporter -->
<testsuite ignored="0" hostname="LAPTOP-304U7A4J" failures="1" tests="1" name="Loginpage" time="4.356" errors="0" timestamp="2026-05-09T22:39:09 IST">
  <testcase classname="Com.CRM.TestCases.Loginpagetestcase" name="logincheck" time="0.658">
    <failure type="java.lang.AssertionError" message="Fail expected [true] but found [false]">
      <![CDATA[java.lang.AssertionError: Fail expected [true] but found [false]
at Com.CRM.TestCases.Loginpagetestcase.logincheck(Loginpagetestcase.java:28)
at java.base/java.util.ArrayList.forEach(ArrayList.java:1596)
... Removed 28 stack frames]]>
    </failure>
  </testcase> <!-- logincheck -->
</testsuite> <!-- Loginpage -->
