<?xml version="1.0" encoding="UTF-8"?>
<!-- Generated by org.testng.reporters.JUnitXMLReporter -->
<testsuite ignored="0" hostname="LAPTOP-304U7A4J" failures="0" tests="3" name="Homepage" time="12.945" errors="0" timestamp="2026-05-02T14:17:43 IST">
  <testcase classname="Com.CRM.TestCases.HomepageTestCase" name="verifyURL" time="0.027"/>
  <testcase classname="Com.CRM.TestCases.HomepageTestCase" name="verifyTitle" time="0.029"/>
  <testcase classname="Com.CRM.TestCases.HomepageTestCase" name="verifySiginin" time="4.279"/>
</testsuite> <!-- Homepage -->
