<?xml version="1.0" encoding="UTF-8"?>
<testng-results ignored="0" total="4" passed="4" failed="0" skipped="0">
  <reporter-output>
  </reporter-output>
  <suite started-at="2026-05-02T14:17:30 IST" name="Suite" finished-at="2026-05-02T14:17:49 IST" duration-ms="18904">
    <groups>
    </groups>
    <test started-at="2026-05-02T14:17:30 IST" name="Homepage" finished-at="2026-05-02T14:17:43 IST" duration-ms="12945">
      <class name="Com.CRM.TestCases.HomepageTestCase">
        <test-method is-config="true" signature="setup()[pri:0, instance:Com.CRM.TestCases.HomepageTestCase@3c9d0b9d]" started-at="2026-05-02T14:17:30 IST" name="setup" finished-at="2026-05-02T14:17:39 IST" duration-ms="8544" status="PASS">
          <reporter-output>
          </reporter-output>
        </test-method> <!-- setup -->
        <test-method signature="verifyURL()[pri:1, instance:Com.CRM.TestCases.HomepageTestCase@3c9d0b9d]" started-at="2026-05-02T14:17:39 IST" name="verifyURL" finished-at="2026-05-02T14:17:39 IST" duration-ms="27" status="PASS">
          <reporter-output>
          </reporter-output>
        </test-method> <!-- verifyURL -->
        <test-method signature="verifyTitle()[pri:2, instance:Com.CRM.TestCases.HomepageTestCase@3c9d0b9d]" started-at="2026-05-02T14:17:39 IST" name="verifyTitle" finished-at="2026-05-02T14:17:39 IST" duration-ms="29" status="PASS">
          <reporter-output>
          </reporter-output>
        </test-method> <!-- verifyTitle -->
        <test-method signature="verifySiginin()[pri:3, instance:Com.CRM.TestCases.HomepageTestCase@3c9d0b9d]" started-at="2026-05-02T14:17:39 IST" name="verifySiginin" finished-at="2026-05-02T14:17:43 IST" duration-ms="4279" status="PASS">
          <reporter-output>
          </reporter-output>
        </test-method> <!-- verifySiginin -->
      </class> <!-- Com.CRM.TestCases.HomepageTestCase -->
    </test> <!-- Homepage -->
    <test started-at="2026-05-02T14:17:43 IST" name="Loginpage" finished-at="2026-05-02T14:17:49 IST" duration-ms="5893">
      <class name="Com.CRM.TestCases.Loginpagetestcase">
        <test-method is-config="true" signature="setup()[pri:0, instance:Com.CRM.TestCases.Loginpagetestcase@10e92f8f]" started-at="2026-05-02T14:17:43 IST" name="setup" finished-at="2026-05-02T14:17:47 IST" duration-ms="3616" status="PASS">
          <reporter-output>
          </reporter-output>
        </test-method> <!-- setup -->
        <test-method is-config="true" signature="setuppage()[pri:0, instance:Com.CRM.TestCases.Loginpagetestcase@10e92f8f]" started-at="2026-05-02T14:17:47 IST" name="setuppage" finished-at="2026-05-02T14:17:48 IST" duration-ms="1144" status="PASS">
          <reporter-output>
          </reporter-output>
        </test-method> <!-- setuppage -->
        <test-method signature="logincheck()[pri:0, instance:Com.CRM.TestCases.Loginpagetestcase@10e92f8f]" started-at="2026-05-02T14:17:48 IST" name="logincheck" finished-at="2026-05-02T14:17:49 IST" duration-ms="1127" status="PASS">
          <reporter-output>
          </reporter-output>
        </test-method> <!-- logincheck -->
      </class> <!-- Com.CRM.TestCases.Loginpagetestcase -->
    </test> <!-- Loginpage -->
  </suite> <!-- Suite -->
</testng-results>
