<?xml version="1.0" encoding="UTF-8"?>
<testng-results ignored="0" total="4" passed="4" failed="0" skipped="0">
  <reporter-output>
  </reporter-output>
  <suite started-at="2026-05-02T09:42:54 IST" name="Suite" finished-at="2026-05-02T09:43:07 IST" duration-ms="12884">
    <groups>
    </groups>
    <test started-at="2026-05-02T09:42:54 IST" name="Homepage" finished-at="2026-05-02T09:43:01 IST" duration-ms="6970">
      <class name="Com.CRM.TestCases.HomepageTestCase">
        <test-method is-config="true" signature="setup()[pri:0, instance:Com.CRM.TestCases.HomepageTestCase@38425407]" started-at="2026-05-02T09:42:54 IST" name="setup" finished-at="2026-05-02T09:42:59 IST" duration-ms="5616" status="PASS">
          <reporter-output>
          </reporter-output>
        </test-method> <!-- setup -->
        <test-method signature="verifyURL()[pri:1, instance:Com.CRM.TestCases.HomepageTestCase@38425407]" started-at="2026-05-02T09:42:59 IST" name="verifyURL" finished-at="2026-05-02T09:42:59 IST" duration-ms="60" status="PASS">
          <reporter-output>
          </reporter-output>
        </test-method> <!-- verifyURL -->
        <test-method signature="verifyTitle()[pri:2, instance:Com.CRM.TestCases.HomepageTestCase@38425407]" started-at="2026-05-02T09:42:59 IST" name="verifyTitle" finished-at="2026-05-02T09:42:59 IST" duration-ms="25" status="PASS">
          <reporter-output>
          </reporter-output>
        </test-method> <!-- verifyTitle -->
        <test-method signature="verifySiginin()[pri:3, instance:Com.CRM.TestCases.HomepageTestCase@38425407]" started-at="2026-05-02T09:42:59 IST" name="verifySiginin" finished-at="2026-05-02T09:43:01 IST" duration-ms="1149" status="PASS">
          <reporter-output>
          </reporter-output>
        </test-method> <!-- verifySiginin -->
      </class> <!-- Com.CRM.TestCases.HomepageTestCase -->
    </test> <!-- Homepage -->
    <test started-at="2026-05-02T09:43:01 IST" name="Loginpage" finished-at="2026-05-02T09:43:07 IST" duration-ms="5689">
      <class name="Com.CRM.TestCases.Loginpagetestcase">
        <test-method is-config="true" signature="setup()[pri:0, instance:Com.CRM.TestCases.Loginpagetestcase@61322f9d]" started-at="2026-05-02T09:43:01 IST" name="setup" finished-at="2026-05-02T09:43:04 IST" duration-ms="3116" status="PASS">
          <reporter-output>
          </reporter-output>
        </test-method> <!-- setup -->
        <test-method is-config="true" signature="setuppage()[pri:0, instance:Com.CRM.TestCases.Loginpagetestcase@61322f9d]" started-at="2026-05-02T09:43:04 IST" name="setuppage" finished-at="2026-05-02T09:43:05 IST" duration-ms="1332" status="PASS">
          <reporter-output>
          </reporter-output>
        </test-method> <!-- setuppage -->
        <test-method signature="logincheck()[pri:0, instance:Com.CRM.TestCases.Loginpagetestcase@61322f9d]" started-at="2026-05-02T09:43:05 IST" name="logincheck" finished-at="2026-05-02T09:43:07 IST" duration-ms="1225" status="PASS">
          <reporter-output>
          </reporter-output>
        </test-method> <!-- logincheck -->
      </class> <!-- Com.CRM.TestCases.Loginpagetestcase -->
    </test> <!-- Loginpage -->
  </suite> <!-- Suite -->
</testng-results>
