<?xml version="1.0" encoding="UTF-8"?>
<!-- Generated by org.testng.reporters.JUnitReportReporter -->
<testsuite hostname="LAPTOP-304U7A4J" failures="0" tests="3" name="Com.CRM.TestCases.HomepageTestCase" time="1.234" errors="0" timestamp="2026-05-02T09:43:07 IST" skipped="0">
  <testcase classname="Com.CRM.TestCases.HomepageTestCase" name="verifyURL" time="0.060"/>
  <testcase classname="Com.CRM.TestCases.HomepageTestCase" name="verifyTitle" time="0.025"/>
  <testcase classname="Com.CRM.TestCases.HomepageTestCase" name="verifySiginin" time="1.149"/>
</testsuite> <!-- Com.CRM.TestCases.HomepageTestCase -->
