<?xml version="1.0" encoding="UTF-8"?>
<!-- Generated by org.testng.reporters.JUnitReportReporter -->
<testsuite hostname="LAPTOP-304U7A4J" failures="0" tests="3" name="Com.CRM.TestCases.HomepageTestCase" time="0.970" errors="0" timestamp="2026-05-09T22:39:09 IST" skipped="0">
  <testcase classname="Com.CRM.TestCases.HomepageTestCase" name="verifyURL" time="0.040"/>
  <testcase classname="Com.CRM.TestCases.HomepageTestCase" name="verifyTitle" time="0.017"/>
  <testcase classname="Com.CRM.TestCases.HomepageTestCase" name="verifySiginin" time="0.913"/>
</testsuite> <!-- Com.CRM.TestCases.HomepageTestCase -->
