<?xml version="1.0" encoding="UTF-8"?>
<!-- Generated by org.testng.reporters.JUnitReportReporter -->
<testsuite hostname="LAPTOP-304U7A4J" failures="0" tests="3" name="Com.CRM.TestCases.HomepageTestCase" time="4.335" errors="0" timestamp="2026-05-02T14:17:49 IST" skipped="0">
  <testcase classname="Com.CRM.TestCases.HomepageTestCase" name="verifyURL" time="0.027"/>
  <testcase classname="Com.CRM.TestCases.HomepageTestCase" name="verifyTitle" time="0.029"/>
  <testcase classname="Com.CRM.TestCases.HomepageTestCase" name="verifySiginin" time="4.279"/>
</testsuite> <!-- Com.CRM.TestCases.HomepageTestCase -->
